<?xml version="1.0" encoding="UTF-8"?>
<!-- Generated by org.testng.reporters.JUnitReportReporter -->
<testsuite skipped="0" hostname="AQMIT-DSK-10214" name="RunnerClass.Payment" tests="1" failures="0" timestamp="30 Jul 2022 09:03:57 GMT" time="92.867" errors="0">
  <testcase name="busPayments" time="92.867" classname="RunnerClass.Payment"/>
</testsuite> <!-- RunnerClass.Payment -->
